CBMC version 4.9 64-bit linux
Parsing main.c
Converting
Type-checking main
Generating GOTO Program
Adding CPROVER library
Function Pointer Removal
Partial Inlining
Generic Property Instrumentation
Starting Bounded Model Checking
Adding interrupt constraints
size of program expression: 3472 steps
no slicing due to threads
Generated 5 VCC(s), 5 remaining after simplification
Passing problem to propositional reduction
Running propositional reduction
Post-processing
Solving with MiniSAT 2.2.0 with simplifier
31167 variables, 127683 clauses
SAT checker: negated claim is SATISFIABLE, i.e., does not hold
Runtime decision procedure: 0.447s
Building error trace

Counterexample:

State 3 file main.c line 171 thread 0
----------------------------------------------------
  brake_acc_nodiv_ctrl_B_local_RT4=0 (00000000000000000000000000000000)

State 4 file main.c line 172 thread 0
----------------------------------------------------
  brake_acc_nodiv_ctrl_B_local_RT1=0 (00000000000000000000000000000000)

State 5 file main.c line 173 thread 0
----------------------------------------------------
  brake_acc_nodiv_ctrl_B_local_RT2=0 (00000000000000000000000000000000)

State 6 file main.c line 174 thread 0
----------------------------------------------------
  brake_acc_nodiv_ctrl_B_local_RT3=0 (00000000000000000000000000000000)

State 7 file main.c line 175 thread 0
----------------------------------------------------
  brake_acc_nodiv_ctrl_B_local_RT14=0 (00000000000000000000000000000000)

State 8 file main.c line 177 thread 0
----------------------------------------------------
  brake_acc_nodiv_ctrl_B_local_ABS_FL_Wheel_Threshold_10kmh=100 (00000000000000000000000001100100)

State 9 file main.c line 178 thread 0
----------------------------------------------------
  brake_acc_nodiv_ctrl_B_local_ABS_RL_Wheel_Threshold_10kmh=100 (00000000000000000000000001100100)

State 10 file main.c line 179 thread 0
----------------------------------------------------
  brake_acc_nodiv_ctrl_B_local_ABS_RR_Wheel_Threshold_10kmh=100 (00000000000000000000000001100100)

State 11 file main.c line 180 thread 0
----------------------------------------------------
  brake_acc_nodiv_ctrl_B_local_ABS_FR_Wheel_Threshold_10kmh=100 (00000000000000000000000001100100)

State 12 file main.c line 182 thread 0
----------------------------------------------------
  brake_acc_nodiv_ctrl_P_RT_X0=0 (00000000000000000000000000000000)

State 13 file main.c line 183 thread 0
----------------------------------------------------
  brake_acc_nodiv_ctrl_P_RT4_X0=0 (00000000000000000000000000000000)

State 14 file main.c line 184 thread 0
----------------------------------------------------
  brake_acc_nodiv_ctrl_P_RT1_X0=0 (00000000000000000000000000000000)

State 15 file main.c line 185 thread 0
----------------------------------------------------
  brake_acc_nodiv_ctrl_P_RT2_X0=0 (00000000000000000000000000000000)

State 16 file main.c line 186 thread 0
----------------------------------------------------
  brake_acc_nodiv_ctrl_P_RT3_X0=0 (00000000000000000000000000000000)

State 17 file main.c line 188 thread 0
----------------------------------------------------
  brake_acc_nodiv_ctrl_P_Gain1_Gain=0 (00000000000000000000000000000000)

State 18 file main.c line 190 thread 0
----------------------------------------------------
  brake_acc_nodiv_ctrl_P_Distribution_Gain0=0 (00000000000000000000000000000000)

State 19 file main.c line 191 thread 0
----------------------------------------------------
  brake_acc_nodiv_ctrl_P_Distribution_Gain1=0 (00000000000000000000000000000000)

State 20 file main.c line 192 thread 0
----------------------------------------------------
  brake_acc_nodiv_ctrl_P_Distribution_Gain2=0 (00000000000000000000000000000000)

State 21 file main.c line 193 thread 0
----------------------------------------------------
  brake_acc_nodiv_ctrl_P_Distribution_Gain3=0 (00000000000000000000000000000000)

State 22 file main.c line 196 thread 0
----------------------------------------------------
  brake_acc_nodiv_ctrl_P_average_rpm_Gain=0 (00000000000000000000000000000000)

State 23 file main.c line 197 thread 0
----------------------------------------------------
  brake_acc_nodiv_ctrl_P_wgrads_Gain=0 (00000000000000000000000000000000)

State 24 file main.c line 198 thread 0
----------------------------------------------------
  brake_acc_nodiv_ctrl_P_vkmh_Gain=0 (00000000000000000000000000000000)

State 25 file main.c line 245 thread 0
----------------------------------------------------
  vkmh=0 (00000000000000000000000000000000)

State 26 file main.c line 246 thread 0
----------------------------------------------------
  test=0 (00000000000000000000000000000000)

State 27 file main.c line 248 thread 0
----------------------------------------------------
  RT9=0 (00000000000000000000000000000000)

State 28 file main.c line 249 thread 0
----------------------------------------------------
  RT10=0 (00000000000000000000000000000000)

State 29 file main.c line 250 thread 0
----------------------------------------------------
  RT11=0 (00000000000000000000000000000000)

State 30 file main.c line 251 thread 0
----------------------------------------------------
  RT12=0 (00000000000000000000000000000000)

State 31 file main.c line 252 thread 0
----------------------------------------------------
  RT14=0 (00000000000000000000000000000000)

State 32 file main.c line 254 thread 0
----------------------------------------------------
  RT_Buffer0=0 (00000000000000000000000000000000)

State 33 file main.c line 255 thread 0
----------------------------------------------------
  RT0_Buffer0=0 (00000000000000000000000000000000)

State 34 file main.c line 256 thread 0
----------------------------------------------------
  RT1_Buffer0=0 (00000000000000000000000000000000)

State 35 file main.c line 257 thread 0
----------------------------------------------------
  RT2_Buffer0=0 (00000000000000000000000000000000)

State 36 file main.c line 258 thread 0
----------------------------------------------------
  RT3_Buffer0=0 (00000000000000000000000000000000)

State 37 file main.c line 259 thread 0
----------------------------------------------------
  RT4_Buffer0=0 (00000000000000000000000000000000)

State 38 file main.c line 261 thread 0
----------------------------------------------------
  Distribution_idx=0 (00000000000000000000000000000000)

State 39 file main.c line 262 thread 0
----------------------------------------------------
  Distribution_idx_0=0 (00000000000000000000000000000000)

State 40 file main.c line 263 thread 0
----------------------------------------------------
  Distribution_idx_1=0 (00000000000000000000000000000000)

State 41 file main.c line 266 thread 0
----------------------------------------------------
  cnt1=0 (00000000000000000000000000000000)

State 42 file main.c line 266 thread 0
----------------------------------------------------
  cnt2=0 (00000000000000000000000000000000)

State 43 file main.c line 266 thread 0
----------------------------------------------------
  cnt3=0 (00000000000000000000000000000000)

State 44 file main.c line 266 thread 0
----------------------------------------------------
  cnt4=0 (00000000000000000000000000000000)

State 45 file <built-in-additions> line 21 thread 0
----------------------------------------------------
  __CPROVER_thread_id=0 (0000000000000000000000000000000000000000000000000000000000000000)

State 46 file <built-in-additions> line 22 thread 0
----------------------------------------------------
  __CPROVER_threads_exited=__CPROVER_threads_exited#1 (?)

State 47 file <built-in-additions> line 23 thread 0
----------------------------------------------------
  __CPROVER_next_thread_id=0 (0000000000000000000000000000000000000000000000000000000000000000)

State 48 file <built-in-additions> line 30 thread 0
----------------------------------------------------
  __CPROVER_deallocated=NULL (0000000000000000000000000000000000000000000000000000000000000000)

State 49 file <built-in-additions> line 31 thread 0
----------------------------------------------------
  __CPROVER_dead_object=NULL (0000000000000000000000000000000000000000000000000000000000000000)

State 50 file <built-in-additions> line 32 thread 0
----------------------------------------------------
  __CPROVER_malloc_object=NULL (0000000000000000000000000000000000000000000000000000000000000000)

State 51 file <built-in-additions> line 33 thread 0
----------------------------------------------------
  __CPROVER_malloc_size=0 (0000000000000000000000000000000000000000000000000000000000000000)

State 52 file <built-in-additions> line 34 thread 0
----------------------------------------------------
  __CPROVER_malloc_is_new_array=FALSE (0)

State 53 file <built-in-additions> line 35 thread 0
----------------------------------------------------
  __CPROVER_memory_leak=NULL (0000000000000000000000000000000000000000000000000000000000000000)

State 54 file <built-in-additions> line 57 thread 0
----------------------------------------------------
  __CPROVER_rounding_mode=0 (00000000000000000000000000000000)

State 55 file main.c line 163 thread 0
----------------------------------------------------
  __VERIFIER_thread_priorities={ 5, 5, 5, 5, 22 } ({ 00000000000000000000000000000101, 00000000000000000000000000000101, 00000000000000000000000000000101, 00000000000000000000000000000101, 00000000000000000000000000010110 })

State 56 file main.c line 164 thread 0
----------------------------------------------------
  __VERIFIER_threads={ "c::task_RR_Wheel", "c::task_FR_Wheel", "c::task_FL_Wheel", "c::task_RL_Wheel", "c::task_compute" } ({ 0000001000000000000000000000000000000000000000000000000000000000, 0000001100000000000000000000000000000000000000000000000000000000, 0000010000000000000000000000000000000000000000000000000000000000, 0000010100000000000000000000000000000000000000000000000000000000, 0000011000000000000000000000000000000000000000000000000000000000 })

State 57 file main.c line 169 thread 0
----------------------------------------------------
  brake_acc_nodiv_ctrl_B_local_RT_h=0 (00000000000000000000000000000000)

State 58 file <built-in-additions> line 78 thread 0
----------------------------------------------------
  __CPROVER_pipe_count=0 (00000000000000000000000000000000)

State 59 file main.c line 170 thread 0
----------------------------------------------------
  brake_acc_nodiv_ctrl_B_local_RTH=0 (00000000000000000000000000000000)

State 63 file main.c line 832 function main thread 0
----------------------------------------------------
  test=0 (00000000000000000000000000000000)

State 71 file main.c line 274 function task_compute thread 1
----------------------------------------------------
  cnt1=1 (00000000000000000000000000000001)

State 72 file main.c line 278 function task_compute thread 1
----------------------------------------------------
  brake_acc_nodiv_ctrl_B_local_RT_h=0 (00000000000000000000000000000000)

State 73 file main.c line 373 function task_RR_Wheel thread 2
----------------------------------------------------
  cnt2=1 (00000000000000000000000000000001)

State 74 file main.c line 281 function task_compute thread 1
----------------------------------------------------
  brake_acc_nodiv_ctrl_B_local_RT4=0 (00000000000000000000000000000000)

State 75 file main.c line 284 function task_compute thread 1
----------------------------------------------------
  brake_acc_nodiv_ctrl_B_local_RT1=0 (00000000000000000000000000000000)

State 76 file main.c line 287 function task_compute thread 1
----------------------------------------------------
  brake_acc_nodiv_ctrl_B_local_RT2=0 (00000000000000000000000000000000)

State 77 file main.c line 290 function task_compute thread 1
----------------------------------------------------
  brake_acc_nodiv_ctrl_B_local_RT3=0 (00000000000000000000000000000000)

State 78 file main.c line 293 function task_compute thread 1
----------------------------------------------------
  test=0 (00000000000000000000000000000000)

State 79 file main.c line 301 function task_compute thread 1
----------------------------------------------------
  Distribution_idx=0 (00000000000000000000000000000000)

State 80 file main.c line 374 function task_RR_Wheel thread 2
----------------------------------------------------
  test=0 (00000000000000000000000000000000)

State 81 file main.c line 303 function task_compute thread 1
----------------------------------------------------
  Distribution_idx_0=0 (00000000000000000000000000000000)

State 82 file main.c line 305 function task_compute thread 1
----------------------------------------------------
  Distribution_idx_1=0 (00000000000000000000000000000000)

State 83 file main.c line 320 function task_compute thread 1
----------------------------------------------------
  vkmh=0 (00000000000000000000000000000000)

State 85 file main.c line 321 function task_compute thread 1
----------------------------------------------------
  vkmh=0 (00000000000000000000000000000000)

State 86 file main.c line 481 function task_FL_Wheel thread 3
----------------------------------------------------
  cnt3=1 (00000000000000000000000000000001)

State 87 file main.c line 482 function task_FL_Wheel thread 3
----------------------------------------------------
  test=0 (00000000000000000000000000000000)

State 88 file main.c line 382 function task_RR_Wheel thread 2
----------------------------------------------------
  brake_acc_nodiv_ctrl_B_local_RT_h=0 (00000000000000000000000000000000)

State 90 file main.c line 617 function task_FR_Wheel thread 4
----------------------------------------------------
  cnt4=1 (00000000000000000000000000000001)

State 91 file main.c line 322 function task_compute thread 1
----------------------------------------------------
  vkmh=0 (00000000000000000000000000000000)

State 92 file main.c line 491 function task_FL_Wheel thread 3
----------------------------------------------------
  brake_acc_nodiv_ctrl_B_local_RT_h=0 (00000000000000000000000000000000)

State 93 file main.c line 493 function task_FL_Wheel thread 3
----------------------------------------------------
  brake_acc_nodiv_ctrl_B_local_RT4=0 (00000000000000000000000000000000)

State 94 file main.c line 495 function task_FL_Wheel thread 3
----------------------------------------------------
  brake_acc_nodiv_ctrl_B_local_RT1=0 (00000000000000000000000000000000)

State 95 file main.c line 323 function task_compute thread 1
----------------------------------------------------
  vkmh=0 (00000000000000000000000000000000)

State 96 file main.c line 497 function task_FL_Wheel thread 3
----------------------------------------------------
  brake_acc_nodiv_ctrl_B_local_RT2=0 (00000000000000000000000000000000)

State 97 file main.c line 618 function task_FR_Wheel thread 4
----------------------------------------------------
  test=0 (00000000000000000000000000000000)

State 98 file main.c line 324 function task_compute thread 1
----------------------------------------------------
  vkmh=0 (00000000000000000000000000000000)

State 99 file main.c line 499 function task_FL_Wheel thread 3
----------------------------------------------------
  brake_acc_nodiv_ctrl_B_local_RT3=0 (00000000000000000000000000000000)

State 100 file main.c line 500 function task_FL_Wheel thread 3
----------------------------------------------------
  rtb_to_int1=0 (00000000000000000000000000000000)

State 101 file main.c line 505 function task_FL_Wheel thread 3
----------------------------------------------------
  rtb_to_int1=10 (00000000000000000000000000001010)

State 103 file main.c line 325 function task_compute thread 1
----------------------------------------------------
  vkmh=0 (00000000000000000000000000000000)

State 104 file main.c line 507 function task_FL_Wheel thread 3
----------------------------------------------------
  brake_acc_nodiv_ctrl_B_local_RT_h=0 (00000000000000000000000000000000)

State 105 file main.c line 627 function task_FR_Wheel thread 4
----------------------------------------------------
  brake_acc_nodiv_ctrl_B_local_RT_h=0 (00000000000000000000000000000000)

State 106 file main.c line 509 function task_FL_Wheel thread 3
----------------------------------------------------
  brake_acc_nodiv_ctrl_B_local_RT4=0 (00000000000000000000000000000000)

State 107 file main.c line 520 function task_FL_Wheel thread 3
----------------------------------------------------
  rtb_RelationalOperator=0 (00000000)

State 108 file main.c line 521 function task_FL_Wheel thread 3
----------------------------------------------------
  rtb_vms=0 (00000000000000000000000000000000)

State 109 file main.c line 522 function task_FL_Wheel thread 3
----------------------------------------------------
  u=0 (00000000000000000000000000000000)

State 110 file main.c line 525 function task_FL_Wheel thread 3
----------------------------------------------------
  rtb_vms=10 (00000000000000000000000000001010)

State 111 file main.c line 529 function task_FL_Wheel thread 3
----------------------------------------------------
  u=20 (00000000000000000000000000010100)

State 112 file main.c line 530 function task_FL_Wheel thread 3
----------------------------------------------------
  u=30 (00000000000000000000000000011110)

State 113 file main.c line 533 function task_FL_Wheel thread 3
----------------------------------------------------
  positive_UpperSat_local=0 (00000000000000000000000000000000)

State 114 file main.c line 533 function task_FL_Wheel thread 3
----------------------------------------------------
  positive_UpperSat_local=100 (00000000000000000000000001100100)

State 116 file main.c line 539 function task_FL_Wheel thread 3
----------------------------------------------------
  positive_LowerSat_local=0 (00000000000000000000000000000000)

State 117 file main.c line 539 function task_FL_Wheel thread 3
----------------------------------------------------
  positive_LowerSat_local=5 (00000000000000000000000000000101)

State 119 file main.c line 551 function task_FL_Wheel thread 3
----------------------------------------------------
  tmp0=0 (00000000000000000000000000000000)

State 120 file main.c line 551 function task_FL_Wheel thread 3
----------------------------------------------------
  tmp0=10 (00000000000000000000000000001010)

State 121 file main.c line 552 function task_FL_Wheel thread 3
----------------------------------------------------
  tmp1=0 (00000000000000000000000000000000)

State 122 file main.c line 552 function task_FL_Wheel thread 3
----------------------------------------------------
  tmp1=20 (00000000000000000000000000010100)

State 124 file main.c line 556 function task_FL_Wheel thread 3
----------------------------------------------------
  rtb_RelationalOperator=0 (00000000)

State 125 file main.c line 560 function task_FL_Wheel thread 3
----------------------------------------------------
  Threshold_10kmh_Threshold_local=0 (00000000000000000000000000000000)

State 126 file main.c line 560 function task_FL_Wheel thread 3
----------------------------------------------------
  Threshold_10kmh_Threshold_local=100 (00000000000000000000000001100100)

State 128 file main.c line 575 function task_FL_Wheel thread 3
----------------------------------------------------
  brake_acc_nodiv_ctrl_B_local_ABS_FL_Wheel_Threshold_10kmh=0 (00000000000000000000000000000000)

State 129 file main.c line 587 function task_FL_Wheel thread 3
----------------------------------------------------
  In_BrakePedal=0 (00000000000000000000000000000000)

State 131 file main.c line 591 function task_FL_Wheel thread 3
----------------------------------------------------
  In_BrakePedal=65 (00000000000000000000000001000001)

State 132 file main.c line 593 function task_FL_Wheel thread 3
----------------------------------------------------
  Pedal_map_UpperSat=0 (00000000000000000000000000000000)

State 133 file main.c line 593 function task_FL_Wheel thread 3
----------------------------------------------------
  Pedal_map_UpperSat=50 (00000000000000000000000000110010)

State 134 file main.c line 594 function task_FL_Wheel thread 3
----------------------------------------------------
  Pedal_map_LowerSat=0 (00000000000000000000000000000000)

State 135 file main.c line 594 function task_FL_Wheel thread 3
----------------------------------------------------
  Pedal_map_LowerSat=20 (00000000000000000000000000010100)

State 136 file main.c line 595 function task_FL_Wheel thread 3
----------------------------------------------------
  tmp=0 (00000000000000000000000000000000)

State 138 file main.c line 597 function task_FL_Wheel thread 3
----------------------------------------------------
  tmp=50 (00000000000000000000000000110010)

State 140 file main.c line 602 function task_FL_Wheel thread 3
----------------------------------------------------
  tmp=15 (00000000000000000000000000001111)

State 141 file main.c line 608 function task_FL_Wheel thread 3
----------------------------------------------------
  RT14=15 (00000000000000000000000000001111)

State 142 file main.c line 610 function task_FL_Wheel thread 3
----------------------------------------------------
  RT12=10 (00000000000000000000000000001010)

State 146 file main.c line 384 function task_RR_Wheel thread 2
----------------------------------------------------
  brake_acc_nodiv_ctrl_B_local_RT4=0 (00000000000000000000000000000000)

State 147 file main.c line 386 function task_RR_Wheel thread 2
----------------------------------------------------
  brake_acc_nodiv_ctrl_B_local_RT1=0 (00000000000000000000000000000000)

State 148 file main.c line 388 function task_RR_Wheel thread 2
----------------------------------------------------
  brake_acc_nodiv_ctrl_B_local_RT2=0 (00000000000000000000000000000000)

State 149 file main.c line 390 function task_RR_Wheel thread 2
----------------------------------------------------
  brake_acc_nodiv_ctrl_B_local_RT3=0 (00000000000000000000000000000000)

State 150 file main.c line 396 function task_RR_Wheel thread 2
----------------------------------------------------
  rtb_to_int=0 (00000000000000000000000000000000)

State 151 file main.c line 629 function task_FR_Wheel thread 4
----------------------------------------------------
  brake_acc_nodiv_ctrl_B_local_RT4=0 (00000000000000000000000000000000)

State 152 file main.c line 631 function task_FR_Wheel thread 4
----------------------------------------------------
  brake_acc_nodiv_ctrl_B_local_RT1=0 (00000000000000000000000000000000)

State 153 file main.c line 633 function task_FR_Wheel thread 4
----------------------------------------------------
  brake_acc_nodiv_ctrl_B_local_RT2=0 (00000000000000000000000000000000)

State 154 file main.c line 635 function task_FR_Wheel thread 4
----------------------------------------------------
  brake_acc_nodiv_ctrl_B_local_RT3=0 (00000000000000000000000000000000)

State 155 file main.c line 639 function task_FR_Wheel thread 4
----------------------------------------------------
  rtb_to_int_k=0 (00000000000000000000000000000000)

State 156 file main.c line 641 function task_FR_Wheel thread 4
----------------------------------------------------
  brake_acc_nodiv_ctrl_B_local_RT4=0 (00000000000000000000000000000000)

State 157 file main.c line 646 function task_FR_Wheel thread 4
----------------------------------------------------
  rtb_to_int_k=10 (00000000000000000000000000001010)

State 158 file main.c line 657 function task_FR_Wheel thread 4
----------------------------------------------------
  rtb_RelationalOperator=0 (00000000)

State 159 file main.c line 660 function task_FR_Wheel thread 4
----------------------------------------------------
  rtb_vms=0 (00000000000000000000000000000000)

State 160 file main.c line 660 function task_FR_Wheel thread 4
----------------------------------------------------
  rtb_vms=10 (00000000000000000000000000001010)

State 161 file main.c line 664 function task_FR_Wheel thread 4
----------------------------------------------------
  u=0 (00000000000000000000000000000000)

State 162 file main.c line 664 function task_FR_Wheel thread 4
----------------------------------------------------
  u=20 (00000000000000000000000000010100)

State 163 file main.c line 665 function task_FR_Wheel thread 4
----------------------------------------------------
  u=30 (00000000000000000000000000011110)

State 164 file main.c line 668 function task_FR_Wheel thread 4
----------------------------------------------------
  positive_UpperSat_local=0 (00000000000000000000000000000000)

State 165 file main.c line 668 function task_FR_Wheel thread 4
----------------------------------------------------
  positive_UpperSat_local=100 (00000000000000000000000001100100)

State 167 file main.c line 673 function task_FR_Wheel thread 4
----------------------------------------------------
  positive_LowerSat_local=0 (00000000000000000000000000000000)

State 168 file main.c line 673 function task_FR_Wheel thread 4
----------------------------------------------------
  positive_LowerSat_local=5 (00000000000000000000000000000101)

State 170 file main.c line 686 function task_FR_Wheel thread 4
----------------------------------------------------
  tmp0=0 (00000000000000000000000000000000)

State 171 file main.c line 686 function task_FR_Wheel thread 4
----------------------------------------------------
  tmp0=10 (00000000000000000000000000001010)

State 172 file main.c line 687 function task_FR_Wheel thread 4
----------------------------------------------------
  tmp1=0 (00000000000000000000000000000000)

State 173 file main.c line 687 function task_FR_Wheel thread 4
----------------------------------------------------
  tmp1=20 (00000000000000000000000000010100)

State 175 file main.c line 691 function task_FR_Wheel thread 4
----------------------------------------------------
  rtb_RelationalOperator=0 (00000000)

State 176 file main.c line 695 function task_FR_Wheel thread 4
----------------------------------------------------
  Threshold_10kmh_Threshold_local=0 (00000000000000000000000000000000)

State 177 file main.c line 695 function task_FR_Wheel thread 4
----------------------------------------------------
  Threshold_10kmh_Threshold_local=100 (00000000000000000000000001100100)

State 179 file main.c line 710 function task_FR_Wheel thread 4
----------------------------------------------------
  brake_acc_nodiv_ctrl_B_local_ABS_FR_Wheel_Threshold_10kmh=0 (00000000000000000000000000000000)

State 180 file main.c line 720 function task_FR_Wheel thread 4
----------------------------------------------------
  brake_acc_nodiv_ctrl_B_local_RT3=0 (00000000000000000000000000000000)

State 181 file main.c line 723 function task_FR_Wheel thread 4
----------------------------------------------------
  RT11=10 (00000000000000000000000000001010)

State 183 file main.c line 398 function task_RR_Wheel thread 2
----------------------------------------------------
  brake_acc_nodiv_ctrl_B_local_RT_h=0 (00000000000000000000000000000000)

State 184 file main.c line 400 function task_RR_Wheel thread 2
----------------------------------------------------
  brake_acc_nodiv_ctrl_B_local_RT4=0 (00000000000000000000000000000000)

State 185 file main.c line 402 function task_RR_Wheel thread 2
----------------------------------------------------
  rtb_to_int=10 (00000000000000000000000000001010)

State 186 file main.c line 404 function task_RR_Wheel thread 2
----------------------------------------------------
  rtb_RelationalOperator=0 (00000000)

State 187 file main.c line 405 function task_RR_Wheel thread 2
----------------------------------------------------
  rtb_vms=0 (00000000000000000000000000000000)

State 188 file main.c line 406 function task_RR_Wheel thread 2
----------------------------------------------------
  u=0 (00000000000000000000000000000000)

State 189 file main.c line 407 function task_RR_Wheel thread 2
----------------------------------------------------
  rtb_vms=10 (00000000000000000000000000001010)

State 190 file main.c line 409 function task_RR_Wheel thread 2
----------------------------------------------------
  u=20 (00000000000000000000000000010100)

State 191 file main.c line 410 function task_RR_Wheel thread 2
----------------------------------------------------
  u=30 (00000000000000000000000000011110)

State 192 file main.c line 412 function task_RR_Wheel thread 2
----------------------------------------------------
  positive_UpperSat_local=0 (00000000000000000000000000000000)

State 193 file main.c line 412 function task_RR_Wheel thread 2
----------------------------------------------------
  positive_UpperSat_local=100 (00000000000000000000000001100100)

State 195 file main.c line 417 function task_RR_Wheel thread 2
----------------------------------------------------
  positive_LowerSat_local=0 (00000000000000000000000000000000)

State 196 file main.c line 417 function task_RR_Wheel thread 2
----------------------------------------------------
  positive_LowerSat_local=5 (00000000000000000000000000000101)

State 198 file main.c line 429 function task_RR_Wheel thread 2
----------------------------------------------------
  tmp0=0 (00000000000000000000000000000000)

State 199 file main.c line 429 function task_RR_Wheel thread 2
----------------------------------------------------
  tmp0=10 (00000000000000000000000000001010)

State 200 file main.c line 431 function task_RR_Wheel thread 2
----------------------------------------------------
  tmp1=0 (00000000000000000000000000000000)

State 201 file main.c line 431 function task_RR_Wheel thread 2
----------------------------------------------------
  tmp1=20 (00000000000000000000000000010100)

State 203 file main.c line 435 function task_RR_Wheel thread 2
----------------------------------------------------
  rtb_RelationalOperator=0 (00000000)

State 204 file main.c line 439 function task_RR_Wheel thread 2
----------------------------------------------------
  Threshold_10kmh_Threshold_local=0 (00000000000000000000000000000000)

State 205 file main.c line 439 function task_RR_Wheel thread 2
----------------------------------------------------
  Threshold_10kmh_Threshold_local=100 (00000000000000000000000001100100)

State 207 file main.c line 455 function task_RR_Wheel thread 2
----------------------------------------------------
  brake_acc_nodiv_ctrl_B_local_ABS_RR_Wheel_Threshold_10kmh=0 (00000000000000000000000000000000)

State 208 file main.c line 464 function task_RR_Wheel thread 2
----------------------------------------------------
  brake_acc_nodiv_ctrl_B_local_RT1=0 (00000000000000000000000000000000)

State 209 file main.c line 471 function task_RR_Wheel thread 2
----------------------------------------------------
  RT9=10 (00000000000000000000000000001010)

State 214 file main.c line 328 function task_compute thread 1
----------------------------------------------------
  test=1 (00000000000000000000000000000001)

Violated property:
  file main.c line 332 function task_compute
  assertion 0
  FALSE

VERIFICATION FAILED
