CBMC version 4.9 64-bit linux
Parsing main.c
Converting
Type-checking main
Generating GOTO Program
Adding CPROVER library
Function Pointer Removal
Partial Inlining
Generic Property Instrumentation
Starting Bounded Model Checking
Adding interrupt constraints
size of program expression: 1755 steps
no slicing due to threads
Generated 1 VCC(s), 1 remaining after simplification
Passing problem to propositional reduction
Running propositional reduction
Post-processing
Solving with MiniSAT 2.2.0 with simplifier
20349 variables, 80793 clauses
SAT checker: negated claim is UNSATISFIABLE, i.e., holds
Runtime decision procedure: 0.186s
VERIFICATION SUCCESSFUL
