CBMC version 4.9 64-bit linux
Parsing main.c
Converting
Type-checking main
Generating GOTO Program
Adding CPROVER library
Function Pointer Removal
Partial Inlining
Generic Property Instrumentation
Starting Bounded Model Checking
Adding interrupt constraints
size of program expression: 1287 steps
no slicing due to threads
Generated 2 VCC(s), 2 remaining after simplification
Passing problem to propositional reduction
Running propositional reduction
Post-processing
Solving with MiniSAT 2.2.0 with simplifier
6848 variables, 26630 clauses
SAT checker: negated claim is SATISFIABLE, i.e., does not hold
Runtime decision procedure: 0.065s
Building error trace

Counterexample:

State 3 file main.c line 105 thread 0
----------------------------------------------------
  ACPIBASE=0 (00000000000000000000000000000000)

State 4 file main.c line 108 thread 0
----------------------------------------------------
  tco_lock=0 (00000000)

State 5 file main.c line 109 thread 0
----------------------------------------------------
  timer_alive=0 (0000000000000000000000000000000000000000000000000000000000000000)

State 6 file main.c line 110 thread 0
----------------------------------------------------
  tco_expect_close=0 (00000000)

State 7 file main.c line 115 thread 0
----------------------------------------------------
  tco_write_buf=0 (00000000)

State 8 file main.c line 118 thread 0
----------------------------------------------------
  tco1_rld=0 (00000000)

State 9 file main.c line 151 thread 0
----------------------------------------------------
  tco1_cnt_b0=0 (00000000)

State 10 file main.c line 152 thread 0
----------------------------------------------------
  tco1_cnt_b1=0 (00000000)

State 11 file main.c line 153 thread 0
----------------------------------------------------
  tco1_cnt_b2=0 (00000000)

State 12 file main.c line 154 thread 0
----------------------------------------------------
  tco1_cnt_b3=0 (00000000)

State 13 file main.c line 155 thread 0
----------------------------------------------------
  tco1_cnt_b4=0 (00000000)

State 14 file main.c line 156 thread 0
----------------------------------------------------
  tco1_cnt_b5=0 (00000000)

State 15 file main.c line 157 thread 0
----------------------------------------------------
  tco1_cnt_b6=0 (00000000)

State 16 file main.c line 158 thread 0
----------------------------------------------------
  tco1_cnt_b7=0 (00000000)

State 17 file main.c line 162 thread 0
----------------------------------------------------
  heartbeat=30 (00000000000000000000000000011110)

State 18 file main.c line 170 thread 0
----------------------------------------------------
  nowayout=0 (00000000000000000000000000000000)

State 19 file main.c line 713 thread 0
----------------------------------------------------
  cnt1=0 (00000000000000000000000000000000)

State 20 file main.c line 713 thread 0
----------------------------------------------------
  cnt2=0 (00000000000000000000000000000000)

State 21 file main.c line 713 thread 0
----------------------------------------------------
  cnt3=0 (00000000000000000000000000000000)

State 22 file main.c line 713 thread 0
----------------------------------------------------
  cnt4=0 (00000000000000000000000000000000)

State 23 file main.c line 713 thread 0
----------------------------------------------------
  cnt5=0 (00000000000000000000000000000000)

State 24 file <built-in-additions> line 21 thread 0
----------------------------------------------------
  __CPROVER_thread_id=0 (0000000000000000000000000000000000000000000000000000000000000000)

State 25 file <built-in-additions> line 22 thread 0
----------------------------------------------------
  __CPROVER_threads_exited={ [0]=FALSE } (?)

State 26 file <built-in-additions> line 23 thread 0
----------------------------------------------------
  __CPROVER_next_thread_id=0 (0000000000000000000000000000000000000000000000000000000000000000)

State 27 file <built-in-additions> line 30 thread 0
----------------------------------------------------
  __CPROVER_deallocated=NULL (0000000000000000000000000000000000000000000000000000000000000000)

State 28 file <built-in-additions> line 31 thread 0
----------------------------------------------------
  __CPROVER_dead_object=NULL (0000000000000000000000000000000000000000000000000000000000000000)

State 29 file <built-in-additions> line 32 thread 0
----------------------------------------------------
  __CPROVER_malloc_object=NULL (0000000000000000000000000000000000000000000000000000000000000000)

State 30 file <built-in-additions> line 33 thread 0
----------------------------------------------------
  __CPROVER_malloc_size=0 (0000000000000000000000000000000000000000000000000000000000000000)

State 31 file <built-in-additions> line 34 thread 0
----------------------------------------------------
  __CPROVER_malloc_is_new_array=FALSE (0)

State 32 file <built-in-additions> line 35 thread 0
----------------------------------------------------
  __CPROVER_memory_leak=NULL (0000000000000000000000000000000000000000000000000000000000000000)

State 33 file <built-in-additions> line 57 thread 0
----------------------------------------------------
  __CPROVER_rounding_mode=0 (00000000000000000000000000000000)

State 34 file <built-in-additions> line 78 thread 0
----------------------------------------------------
  __CPROVER_pipe_count=0 (00000000000000000000000000000000)

State 38  thread 0
----------------------------------------------------
  argv'[16384]=irep("(\"nil\")")[16384] (?)

State 41 file main.c line 908 thread 0
----------------------------------------------------
  argc=16384 (00000000000000000100000000000000)

State 42 file main.c line 908 thread 0
----------------------------------------------------
  argv=argv' (0000001000000000000000000000000000000000000000000000000000000000)

State 43 file main.c line 910 function main thread 0
----------------------------------------------------
  tco_expect_close=0 (00000000)

State 44 file main.c line 911 function main thread 0
----------------------------------------------------
  t1=0 (0000000000000000000000000000000000000000000000000000000000000000)

State 45 file main.c line 912 function main thread 0
----------------------------------------------------
  t2=0 (0000000000000000000000000000000000000000000000000000000000000000)

State 48 file main.c line 942 function main thread 0
----------------------------------------------------
  value_ptr=NULL (0000000000000000000000000000000000000000000000000000000000000000)

State 49 file main.c line 942 function main thread 0
----------------------------------------------------
  value_ptr=NULL (0000000000000000000000000000000000000000000000000000000000000000)

State 51 file main.c line 726 function closer1 thread 1
----------------------------------------------------
  tco_write_buf=86 (01010110)

State 53 file main.c line 727 function closer1 thread 1
----------------------------------------------------
  tco_expect_close=0 (00000000)

State 55 file main.c line 727 function closer1 thread 1
----------------------------------------------------
  tco_expect_close=42 (00101010)

State 56 file main.c line 727 function closer1 thread 1
----------------------------------------------------
  tco1_rld=1 (00000001)

State 57 file main.c line 736 function closer2 thread 2
----------------------------------------------------
  tco_write_buf=86 (01010110)

State 58 file main.c line 728 function closer1 thread 1
----------------------------------------------------
  tco_expect_close=42 (00101010)

State 60 file main.c line 737 function closer2 thread 2
----------------------------------------------------
  tco_expect_close=0 (00000000)

State 62 file main.c line 737 function closer2 thread 2
----------------------------------------------------
  tco_expect_close=42 (00101010)

State 63 file main.c line 737 function closer2 thread 2
----------------------------------------------------
  tco1_rld=1 (00000001)

State 64 file main.c line 738 function closer2 thread 2
----------------------------------------------------
  tco_expect_close=42 (00101010)

State 65 file main.c line 757 function writer2 thread 4
----------------------------------------------------
  tco1_rld=1 (00000001)

State 67 file main.c line 739 function closer2 thread 2
----------------------------------------------------
  timer_alive=0 (0000000000000000000000000000000000000000000000000000000000000000)

State 68 file main.c line 739 function closer2 thread 2
----------------------------------------------------
  tco_expect_close=0 (00000000)

State 69 file main.c line 758 function writer2 thread 4
----------------------------------------------------
  cnt4=1 (00000000000000000000000000000001)

State 72 file main.c line 740 function closer2 thread 2
----------------------------------------------------
  cnt2=1 (00000000000000000000000000000001)

State 79 file main.c line 749 function writer1 thread 3
----------------------------------------------------
  tco1_rld=1 (00000001)

State 80 file main.c line 750 function writer1 thread 3
----------------------------------------------------
  cnt3=1 (00000000000000000000000000000001)

Violated property:
  file main.c line 729 function closer1
  assertion 0
  FALSE

VERIFICATION FAILED
