CBMC version 4.9 64-bit linux
Parsing main.c
Converting
Type-checking main
Generating GOTO Program
Adding CPROVER library
Function Pointer Removal
Partial Inlining
Generic Property Instrumentation
Starting Bounded Model Checking
Adding interrupt constraints
size of program expression: 1165 steps
no slicing due to threads
Generated 4 VCC(s), 4 remaining after simplification
Passing problem to propositional reduction
Running propositional reduction
Post-processing
Solving with MiniSAT 2.2.0 with simplifier
5475 variables, 24134 clauses
SAT checker: negated claim is SATISFIABLE, i.e., does not hold
Runtime decision procedure: 0.063s
Building error trace

Counterexample:

State 3 file <built-in-additions> line 30 thread 0
----------------------------------------------------
  __CPROVER_deallocated=NULL (0000000000000000000000000000000000000000000000000000000000000000)

State 4 file <built-in-additions> line 31 thread 0
----------------------------------------------------
  __CPROVER_dead_object=NULL (0000000000000000000000000000000000000000000000000000000000000000)

State 5 file <built-in-additions> line 32 thread 0
----------------------------------------------------
  __CPROVER_malloc_object=NULL (0000000000000000000000000000000000000000000000000000000000000000)

State 6 file <built-in-additions> line 33 thread 0
----------------------------------------------------
  __CPROVER_malloc_size=0 (0000000000000000000000000000000000000000000000000000000000000000)

State 7 file <built-in-additions> line 34 thread 0
----------------------------------------------------
  __CPROVER_malloc_is_new_array=FALSE (0)

State 8 file <built-in-additions> line 35 thread 0
----------------------------------------------------
  __CPROVER_memory_leak=NULL (0000000000000000000000000000000000000000000000000000000000000000)

State 9 file <built-in-additions> line 57 thread 0
----------------------------------------------------
  __CPROVER_rounding_mode=0 (00000000000000000000000000000000)

State 10 file main.c line 186 thread 0
----------------------------------------------------
  global_clock=0 (00000000000000000000000000000000)

State 11 file main.c line 187 thread 0
----------------------------------------------------
  irq=0 (00000000000000000000000000000000)

State 12 file main.c line 188 thread 0
----------------------------------------------------
  global_id=0 (00000000000000000000000000000000)

State 13 file main.c line 189 thread 0
----------------------------------------------------
  global_dev=0 (00000000000000000000000000000000)

State 14 file main.c line 276 thread 0
----------------------------------------------------
  cnt1=0 (00000000000000000000000000000000)

State 15 file main.c line 276 thread 0
----------------------------------------------------
  cnt2=0 (00000000000000000000000000000000)

State 16 file main.c line 276 thread 0
----------------------------------------------------
  cnt3=0 (00000000000000000000000000000000)

State 17 file main.c line 276 thread 0
----------------------------------------------------
  cnt4=0 (00000000000000000000000000000000)

State 18 file main.c line 276 thread 0
----------------------------------------------------
  cnt5=0 (00000000000000000000000000000000)

State 19 file main.c line 276 thread 0
----------------------------------------------------
  cnt6=0 (00000000000000000000000000000000)

State 20 file <built-in-additions> line 78 thread 0
----------------------------------------------------
  __CPROVER_pipe_count=0 (00000000000000000000000000000000)

State 21 file <built-in-additions> line 21 thread 0
----------------------------------------------------
  __CPROVER_thread_id=0 (0000000000000000000000000000000000000000000000000000000000000000)

State 22 file <built-in-additions> line 22 thread 0
----------------------------------------------------
  __CPROVER_threads_exited=__CPROVER_threads_exited#1 (?)

State 23 file <built-in-additions> line 23 thread 0
----------------------------------------------------
  __CPROVER_next_thread_id=0 (0000000000000000000000000000000000000000000000000000000000000000)

State 34 file main.c line 282 function req1 thread 1
----------------------------------------------------
  irq=1 (00000000000000000000000000000001)

State 35 file main.c line 283 function req1 thread 1
----------------------------------------------------
  global_id=1 (00000000000000000000000000000001)

State 36 file main.c line 283 function req1 thread 1
----------------------------------------------------
  global_dev=1 (00000000000000000000000000000001)

State 37 file main.c line 285 function req1 thread 1
----------------------------------------------------
  global_id=-1 (11111111111111111111111111111111)

State 38 file main.c line 285 function req1 thread 1
----------------------------------------------------
  global_dev=-1 (11111111111111111111111111111111)

State 39 file main.c line 294 function req2 thread 2
----------------------------------------------------
  irq=2 (00000000000000000000000000000010)

State 40 file main.c line 295 function req2 thread 2
----------------------------------------------------
  global_id=2 (00000000000000000000000000000010)

State 41 file main.c line 306 function req3 thread 3
----------------------------------------------------
  irq=3 (00000000000000000000000000000011)

State 42 file main.c line 295 function req2 thread 2
----------------------------------------------------
  global_dev=2 (00000000000000000000000000000010)

State 43 file main.c line 307 function req3 thread 3
----------------------------------------------------
  global_id=3 (00000000000000000000000000000011)

State 44 file main.c line 307 function req3 thread 3
----------------------------------------------------
  global_dev=3 (00000000000000000000000000000011)

State 48 file main.c line 316 function req4 thread 4
----------------------------------------------------
  irq=-1 (11111111111111111111111111111111)

State 49 file main.c line 309 function req3 thread 3
----------------------------------------------------
  global_id=-1 (11111111111111111111111111111111)

State 50 file main.c line 309 function req3 thread 3
----------------------------------------------------
  global_dev=-1 (11111111111111111111111111111111)

State 51 file main.c line 317 function req4 thread 4
----------------------------------------------------
  cnt4=1 (00000000000000000000000000000001)

State 53 file main.c line 310 function req3 thread 3
----------------------------------------------------
  cnt3=1 (00000000000000000000000000000001)

Violated property:
  file main.c line 296 function req2
  assertion 0
  FALSE

VERIFICATION FAILED
